[debug] [2023-11-23T10:40:03.114Z] ----------------------------------------------------------------------
[debug] [2023-11-23T10:40:03.119Z] Command:       /root/.nvm/versions/node/v16.20.2/bin/node /usr/local/bin/firebase init hosting
[debug] [2023-11-23T10:40:03.120Z] CLI Version:   12.9.1
[debug] [2023-11-23T10:40:03.121Z] Platform:      linux
[debug] [2023-11-23T10:40:03.121Z] Node Version:  v16.20.2
[debug] [2023-11-23T10:40:03.122Z] Time:          Thu Nov 23 2023 16:10:03 GMT+0530 (India Standard Time)
[debug] [2023-11-23T10:40:03.123Z] ----------------------------------------------------------------------
[debug] 
[debug] [2023-11-23T10:40:03.346Z] > command requires scopes: ["email","openid","https://www.googleapis.com/auth/cloudplatformprojects.readonly","https://www.googleapis.com/auth/firebase","https://www.googleapis.com/auth/cloud-platform"]
[debug] [2023-11-23T10:40:03.363Z] > authorizing via signed-in user (rajatrokde01@gmail.com)
[info] 
     ######## #### ########  ######## ########     ###     ######  ########
     ##        ##  ##     ## ##       ##     ##  ##   ##  ##       ##
     ######    ##  ########  ######   ########  #########  ######  ######
     ##        ##  ##    ##  ##       ##     ## ##     ##       ## ##
     ##       #### ##     ## ######## ########  ##     ##  ######  ########

You're about to initialize a Firebase project in this directory:

  /mnt/c/Users/Asus

Before we get started, keep in mind:

  * You are currently outside your home directory
  * You are initializing within an existing Firebase project directory

[info] 
=== Project Setup
[info] 
[info] First, let's associate this project directory with a Firebase project.
[info] You can create multiple project aliases by running firebase use --add, 
[info] but for now we'll just set up a default project.
[info] 
[debug] [2023-11-23T10:40:03.412Z] Using project from CLI flag: html-727d1
[debug] [2023-11-23T10:40:03.424Z] >>> [apiv2][query] GET https://firebase.googleapis.com/v1beta1/projects/html-727d1 [none]
[debug] [2023-11-23T10:40:04.061Z] <<< [apiv2][status] GET https://firebase.googleapis.com/v1beta1/projects/html-727d1 200
[debug] [2023-11-23T10:40:04.062Z] <<< [apiv2][body] GET https://firebase.googleapis.com/v1beta1/projects/html-727d1 {"projectId":"html-727d1","projectNumber":"164059509598","displayName":"html","name":"projects/html-727d1","resources":{"hostingSite":"html-727d1","realtimeDatabaseInstance":"html-727d1-default-rtdb"},"state":"ACTIVE","etag":"1_8a784c3d-6ab2-47b7-af13-459d06e44599"}
[info] i  Using project html-727d1 (html) 
[info] 
=== Hosting Setup
[debug] [2023-11-23T10:40:04.081Z] >>> [apiv2][query] GET https://firebase.googleapis.com/v1beta1/projects/html-727d1 [none]
[debug] [2023-11-23T10:40:05.435Z] <<< [apiv2][status] GET https://firebase.googleapis.com/v1beta1/projects/html-727d1 200
[debug] [2023-11-23T10:40:05.436Z] <<< [apiv2][body] GET https://firebase.googleapis.com/v1beta1/projects/html-727d1 {"projectId":"html-727d1","projectNumber":"164059509598","displayName":"html","name":"projects/html-727d1","resources":{"hostingSite":"html-727d1","realtimeDatabaseInstance":"html-727d1-default-rtdb"},"state":"ACTIVE","etag":"1_8a784c3d-6ab2-47b7-af13-459d06e44599"}
[info] 
[info] Your public directory is the folder (relative to your project directory) that
[info] will contain Hosting assets to be uploaded with firebase deploy. If you
[info] have a build process for your assets, use your build's output directory.
[info] 
[info] ✔  Wrote veg/404.html 
[debug] [2023-11-23T10:40:21.438Z] >>> [apiv2][query] GET https://www.gstatic.com/firebasejs/releases.json [none]
[debug] [2023-11-23T10:40:21.700Z] <<< [apiv2][status] GET https://www.gstatic.com/firebasejs/releases.json 200
[debug] [2023-11-23T10:40:21.700Z] <<< [apiv2][body] GET https://www.gstatic.com/firebasejs/releases.json {"current":{"version":"10.6.0","browserURL":"https://www.gstatic.com/firebasejs/10.6.0/firebase.js","packageURL":"https://www.gstatic.com/firebasejs/10.6.0/firebase.tgz"},"live":{"version":"10.6","browserURL":"https://www.gstatic.com/firebasejs/live/10.6/firebase.js","packageURL":"https://www.gstatic.com/firebasejs/live/10.6/firebase.tgz"},"components":{"analytics":"https://www.gstatic.com/firebasejs/10.6.0/firebase-analytics.js","app":"https://www.gstatic.com/firebasejs/10.6.0/firebase-app.js","app-check":"https://www.gstatic.com/firebasejs/10.6.0/firebase-app-check.js","auth":"https://www.gstatic.com/firebasejs/10.6.0/firebase-auth.js","auth/cordova":"https://www.gstatic.com/firebasejs/10.6.0/firebase-auth/cordova.js","functions":"https://www.gstatic.com/firebasejs/10.6.0/firebase-functions.js","firestore":"https://www.gstatic.com/firebasejs/10.6.0/firebase-firestore.js","firestore/lite":"https://www.gstatic.com/firebasejs/10.6.0/firebase-firestore/lite.js","installations":"https://www.gstatic.com/firebasejs/10.6.0/firebase-installations.js","storage":"https://www.gstatic.com/firebasejs/10.6.0/firebase-storage.js","performance":"https://www.gstatic.com/firebasejs/10.6.0/firebase-performance.js","remote-config":"https://www.gstatic.com/firebasejs/10.6.0/firebase-remote-config.js","messaging":"https://www.gstatic.com/firebasejs/10.6.0/firebase-messaging.js","messaging/sw":"https://www.gstatic.com/firebasejs/10.6.0/firebase-messaging/sw.js","database":"https://www.gstatic.com/firebasejs/10.6.0/firebase-database.js","firestore.memory":"https://www.gstatic.com/firebasejs/10.6.0/firebase-firestore.memory.js"}}
[info] ✔  Wrote veg/index.html 
[info] 
[info] i  Detected a .git folder at /mnt/c/Users/Asus/goo/VEGEFOODS 
[info] i  Authorizing with GitHub to upload your service account to a GitHub repository's secrets store. 
[info] 
[info] Visit this URL on this device to log in:
[info] https://github.com/login/oauth/authorize?client_id=89cf50f02ac6aaed3484&state=540856569&redirect_uri=http%3A%2F%2Flocalhost%3A9005&scope=read%3Auser%20repo%20public_repo
[info] 
[info] Waiting for authentication...
[debug] [2023-11-23T10:40:41.386Z] >>> [apiv2][query] POST https://github.com/login/oauth/access_token [none]
[debug] [2023-11-23T10:40:41.387Z] >>> [apiv2][body] POST https://github.com/login/oauth/access_token [stream]
[debug] [2023-11-23T10:40:41.847Z] <<< [apiv2][status] POST https://github.com/login/oauth/access_token 200
[debug] [2023-11-23T10:40:41.848Z] <<< [apiv2][body] POST https://github.com/login/oauth/access_token {"access_token":"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","token_type":"bearer","scope":"read:user,repo"}
[debug] [2023-11-23T10:40:41.884Z] >>> [apiv2][query] GET https://api.github.com/user [none]
[debug] [2023-11-23T10:40:42.391Z] <<< [apiv2][status] GET https://api.github.com/user 200
[debug] [2023-11-23T10:40:42.392Z] <<< [apiv2][body] GET https://api.github.com/user {"login":"rajatrokde","id":116082212,"node_id":"U_kgDOButGJA","avatar_url":"https://avatars.githubusercontent.com/u/116082212?v=4","gravatar_id":"","url":"https://api.github.com/users/rajatrokde","html_url":"https://github.com/rajatrokde","followers_url":"https://api.github.com/users/rajatrokde/followers","following_url":"https://api.github.com/users/rajatrokde/following{/other_user}","gists_url":"https://api.github.com/users/rajatrokde/gists{/gist_id}","starred_url":"https://api.github.com/users/rajatrokde/starred{/owner}{/repo}","subscriptions_url":"https://api.github.com/users/rajatrokde/subscriptions","organizations_url":"https://api.github.com/users/rajatrokde/orgs","repos_url":"https://api.github.com/users/rajatrokde/repos","events_url":"https://api.github.com/users/rajatrokde/events{/privacy}","received_events_url":"https://api.github.com/users/rajatrokde/received_events","type":"User","site_admin":false,"name":"Rajat R Rokde","company":null,"blog":"","location":"Nagpur","email":null,"hireable":null,"bio":"Hi there 👋\r\nI am Rajat , an Devops Engineer from Pune  passionate about developing production-ready applications with 1 years of professional on","twitter_username":null,"public_repos":34,"public_gists":0,"followers":3,"following":44,"created_at":"2022-10-18T12:03:23Z","updated_at":"2023-11-23T09:32:51Z","private_gists":0,"total_private_repos":5,"owned_private_repos":5,"disk_usage":334570,"collaborators":0,"two_factor_authentication":false,"plan":{"name":"pro","space":976562499,"collaborators":0,"private_repos":9999}}
[info] 
[info] ✔  Success! Logged into GitHub as rajatrokde 
[info] 
[debug] [2023-11-23T10:41:05.962Z] >>> [apiv2][query] GET https://api.github.com/repos/https://github.com/rajatrokde/VEGEFOODS/actions/secrets/public-key type=owner
[debug] [2023-11-23T10:41:06.340Z] <<< [apiv2][status] GET https://api.github.com/repos/https://github.com/rajatrokde/VEGEFOODS/actions/secrets/public-key 404
[debug] [2023-11-23T10:41:06.340Z] <<< [apiv2][body] GET https://api.github.com/repos/https://github.com/rajatrokde/VEGEFOODS/actions/secrets/public-key {"message":"Not Found","documentation_url":"https://docs.github.com/rest"}
[info] 
[info] 
[error] ⚠  The provided authorization cannot be used with this repository. If this repository is in an organization, did you remember to grant access? 
[info] 
[info] i  Action required: Visit this URL to ensure access has been granted to the appropriate organization(s) for the Firebase CLI GitHub OAuth App: 
[info] https://github.com/settings/connections/applications/89cf50f02ac6aaed3484
[info] 
[debug] [2023-11-23T10:41:11.798Z] >>> [apiv2][query] GET https://api.github.com/repos/https://github.com/rajatrokde/VEGEFOODS/actions/secrets/public-key type=owner
[debug] [2023-11-23T10:41:12.207Z] <<< [apiv2][status] GET https://api.github.com/repos/https://github.com/rajatrokde/VEGEFOODS/actions/secrets/public-key 404
[debug] [2023-11-23T10:41:12.207Z] <<< [apiv2][body] GET https://api.github.com/repos/https://github.com/rajatrokde/VEGEFOODS/actions/secrets/public-key {"message":"Not Found","documentation_url":"https://docs.github.com/rest"}
[info] 
[info] 
[error] ⚠  The provided authorization cannot be used with this repository. If this repository is in an organization, did you remember to grant access? 
[info] 
[info] i  Action required: Visit this URL to ensure access has been granted to the appropriate organization(s) for the Firebase CLI GitHub OAuth App: 
[info] https://github.com/settings/connections/applications/89cf50f02ac6aaed3484
[info] 
[debug] [2023-11-23T10:41:59.750Z] >>> [apiv2][query] GET https://api.github.com/repos/https://github.com/rajatrokde/VEGEFOODS/actions/secrets/public-key type=owner
[debug] [2023-11-23T10:42:00.145Z] <<< [apiv2][status] GET https://api.github.com/repos/https://github.com/rajatrokde/VEGEFOODS/actions/secrets/public-key 401
[debug] [2023-11-23T10:42:00.145Z] <<< [apiv2][body] GET https://api.github.com/repos/https://github.com/rajatrokde/VEGEFOODS/actions/secrets/public-key {"message":"Bad credentials","documentation_url":"https://docs.github.com/rest"}
[debug] [2023-11-23T10:42:03.910Z] >>> [apiv2][query] GET https://api.github.com/repos/https://github.com/rajatrokde/VEGEFOODS/actions/secrets/public-key type=owner
[debug] [2023-11-23T10:42:04.244Z] <<< [apiv2][status] GET https://api.github.com/repos/https://github.com/rajatrokde/VEGEFOODS/actions/secrets/public-key 401
[debug] [2023-11-23T10:42:04.245Z] <<< [apiv2][body] GET https://api.github.com/repos/https://github.com/rajatrokde/VEGEFOODS/actions/secrets/public-key {"message":"Bad credentials","documentation_url":"https://docs.github.com/rest"}
[debug] [2023-11-23T10:42:09.538Z] >>> [apiv2][query] GET https://api.github.com/repos/https://github.com/rajatrokde/VEGEFOODS/actions/secrets/public-key type=owner
[debug] [2023-11-23T10:42:09.915Z] <<< [apiv2][status] GET https://api.github.com/repos/https://github.com/rajatrokde/VEGEFOODS/actions/secrets/public-key 401
[debug] [2023-11-23T10:42:09.916Z] <<< [apiv2][body] GET https://api.github.com/repos/https://github.com/rajatrokde/VEGEFOODS/actions/secrets/public-key {"message":"Bad credentials","documentation_url":"https://docs.github.com/rest"}
[debug] [2023-11-23T10:42:53.852Z] >>> [apiv2][query] GET https://api.github.com/repos/https://github.com/rajatrokde/VEGEFOODS/actions/secrets/public-key type=owner
[debug] [2023-11-23T10:42:54.242Z] <<< [apiv2][status] GET https://api.github.com/repos/https://github.com/rajatrokde/VEGEFOODS/actions/secrets/public-key 401
[debug] [2023-11-23T10:42:54.242Z] <<< [apiv2][body] GET https://api.github.com/repos/https://github.com/rajatrokde/VEGEFOODS/actions/secrets/public-key {"message":"Bad credentials","documentation_url":"https://docs.github.com/rest"}
